{"logTime": "1009/042447", "correlationVector":"JxPkP3TxbUSg8g1JfSyXda.0","action":"FeedSettingFetch_homeCloud", "result":"0", "context":{}}
{"logTime": "1009/042447", "correlationVector":"JxPkP3TxbUSg8g1JfSyXda.0","action":"SyncServerConnectionManagerRequest", "result":"SYNC_SERVER_OK", "context":{"environment":"", "server":""}}
{"logTime": "1009/042448", "correlationVector":"aDc/TRTPdH1m9HPO1ODBMa.1","action":"SyncServerConnectionManagerRequest", "result":"SYNC_SERVER_OK", "context":{"environment":"Prod_EastUS2", "server":"GENERAL01000021"}}
{"logTime": "1009/042448", "correlationVector":"aDc/TRTPdH1m9HPO1ODBMa","action":"Initial GetUpdates", "result":"", "context":Reason: NEW_CLIENT. cV=aDc/TRTPdH1m9HPO1ODBMa}
{"logTime": "1009/042448", "correlationVector":"aDc/TRTPdH1m9HPO1ODBMa.2","action":"GetUpdates Response", "result":"SYNCER_OK", "context":Received 1 update(s). cV=aDc/TRTPdH1m9HPO1ODBMa.0;server=GENERAL01000021;cloudType=Consumer;environment=Prod_EastUS2}
{"logTime": "1009/042448", "correlationVector":"FSsNSeoTEDJ36TeJ66IqZo","action":"Initial GetUpdates", "result":"", "context":Reason: NEW_CLIENT. cV=FSsNSeoTEDJ36TeJ66IqZo}
{"logTime": "1009/042449", "correlationVector":"FSsNSeoTEDJ36TeJ66IqZo.1","action":"SyncServerConnectionManagerRequest", "result":"SYNC_SERVER_OK", "context":{"environment":"Prod_EastUS2", "server":"GENERAL0100000F"}}
{"logTime": "1009/042449", "correlationVector":"FSsNSeoTEDJ36TeJ66IqZo.2","action":"GetUpdates Response", "result":"SYNCER_OK", "context":Received 1 update(s). cV=FSsNSeoTEDJ36TeJ66IqZo.0;server=GENERAL0100000F;cloudType=Consumer;environment=Prod_EastUS2}
{"logTime": "1009/042449", "correlationVector":"FVvAfjcuaXO/jDvoDqzy8m","action":"Normal GetUpdate request", "result":"", "context":cV=FVvAfjcuaXO/jDvoDqzy8m
Nudged types: Device Info, User Consents
Refresh requested types: Device Info, User Consents, Send Tab To Self, Encryption Keys}
{"logTime": "1009/042449", "correlationVector":"FVvAfjcuaXO/jDvoDqzy8m.1","action":"SyncServerConnectionManagerRequest", "result":"SYNC_SERVER_OK", "context":{"environment":"Prod_EastUS2", "server":"GENERAL0100002D"}}
{"logTime": "1009/042449", "correlationVector":"FVvAfjcuaXO/jDvoDqzy8m.2","action":"GetUpdates Response", "result":"SYNCER_OK", "context":Received 0 update(s). cV=FVvAfjcuaXO/jDvoDqzy8m.0;server=GENERAL0100002D;cloudType=Consumer;environment=Prod_EastUS2}
{"logTime": "1009/042449", "correlationVector":"5QMTCii3XhCZsEyGcA6V2B","action":"Commit Request", "result":"", "context":Item count: 1
Contributing types: Device Info}
{"logTime": "1009/042449", "correlationVector":"5QMTCii3XhCZsEyGcA6V2B.1","action":"SyncServerConnectionManagerRequest", "result":"SYNC_SERVER_OK", "context":{"environment":"Prod_EastUS2", "server":"GENERAL01000028"}}
{"logTime": "1009/042449", "correlationVector":"5QMTCii3XhCZsEyGcA6V2B.2","action":"Commit Response", "result":"SYNCER_OK", "context":Result: SYNCER_OK. cV=5QMTCii3XhCZsEyGcA6V2B.0;server=GENERAL01000028;cloudType=Consumer;environment=Prod_EastUS2}
{"logTime": "1009/042449", "correlationVector":"1aMQ+kw0XCyT7WKP+dTqAs","action":"Commit Request", "result":"", "context":Item count: 1
Contributing types: User Consents}
{"logTime": "1009/042450", "correlationVector":"1aMQ+kw0XCyT7WKP+dTqAs.1","action":"SyncServerConnectionManagerRequest", "result":"SYNC_SERVER_OK", "context":{"environment":"Prod_EastUS2", "server":"GENERAL01000015"}}
{"logTime": "1009/042450", "correlationVector":"1aMQ+kw0XCyT7WKP+dTqAs.2","action":"Commit Response", "result":"SYNCER_OK", "context":Result: SYNCER_OK. cV=1aMQ+kw0XCyT7WKP+dTqAs.0;server=GENERAL01000015;cloudType=Consumer;environment=Prod_EastUS2}
